0 info it worked if it ends with ok
1 verbose cli [ '/Users/jasminenoack/.nvm/versions/node/v4.2.6/bin/node',
1 verbose cli   '/Users/jasminenoack/.nvm/versions/node/v4.2.6/bin/npm',
1 verbose cli   'install',
1 verbose cli   'asteroids' ]
2 info using npm@2.14.12
3 info using node@v4.2.6
4 verbose config Skipping project config: /Users/jasminenoack/.npmrc. (matches userconfig)
5 verbose install initial load of /Users/jasminenoack/package.json
6 verbose installManyTop reading scoped package data from /Users/jasminenoack/node_modules/phantomjs/package.json
7 verbose readDependencies loading dependencies from /Users/jasminenoack/package.json
8 silly cache add args [ 'asteroids', null ]
9 verbose cache add spec asteroids
10 silly cache add parsed spec Result {
10 silly cache add   raw: 'asteroids',
10 silly cache add   scope: null,
10 silly cache add   name: 'asteroids',
10 silly cache add   rawSpec: '',
10 silly cache add   spec: 'latest',
10 silly cache add   type: 'tag' }
11 silly addNamed asteroids@latest
12 verbose addNamed "latest" is being treated as a dist-tag for asteroids
13 info addNameTag [ 'asteroids', 'latest' ]
14 silly mapToRegistry name asteroids
15 silly mapToRegistry using default registry
16 silly mapToRegistry registry https://registry.npmjs.org/
17 silly mapToRegistry uri https://registry.npmjs.org/asteroids
18 verbose addNameTag registry:https://registry.npmjs.org/asteroids not in flight; fetching
19 verbose request uri https://registry.npmjs.org/asteroids
20 verbose request no auth needed
21 info attempt registry request try #1 at 10:15:34 PM
22 verbose request id ff33be6c18301ff2
23 http request GET https://registry.npmjs.org/asteroids
24 http 404 https://registry.npmjs.org/asteroids
25 verbose headers { server: 'CouchDB/1.5.0 (Erlang OTP/R16B03)',
25 verbose headers   etag: '"BUHXULI5ANG3XP2LOBHWQ5Q13"',
25 verbose headers   'content-type': 'application/json',
25 verbose headers   'cache-control': 'max-age=0',
25 verbose headers   'content-length': '411',
25 verbose headers   'accept-ranges': 'bytes',
25 verbose headers   date: 'Thu, 16 Jun 2016 02:15:34 GMT',
25 verbose headers   via: '1.1 varnish',
25 verbose headers   age: '0',
25 verbose headers   connection: 'keep-alive',
25 verbose headers   'x-served-by': 'cache-iad2120-IAD',
25 verbose headers   'x-cache': 'MISS',
25 verbose headers   'x-cache-hits': '0',
25 verbose headers   'x-timer': 'S1466043334.338141,VS0,VE82',
25 verbose headers   vary: 'Accept-Encoding' }
26 silly get cb [ 404,
26 silly get   { server: 'CouchDB/1.5.0 (Erlang OTP/R16B03)',
26 silly get     etag: '"BUHXULI5ANG3XP2LOBHWQ5Q13"',
26 silly get     'content-type': 'application/json',
26 silly get     'cache-control': 'max-age=0',
26 silly get     'content-length': '411',
26 silly get     'accept-ranges': 'bytes',
26 silly get     date: 'Thu, 16 Jun 2016 02:15:34 GMT',
26 silly get     via: '1.1 varnish',
26 silly get     age: '0',
26 silly get     connection: 'keep-alive',
26 silly get     'x-served-by': 'cache-iad2120-IAD',
26 silly get     'x-cache': 'MISS',
26 silly get     'x-cache-hits': '0',
26 silly get     'x-timer': 'S1466043334.338141,VS0,VE82',
26 silly get     vary: 'Accept-Encoding' } ]
27 verbose stack Error: Registry returned 404 for GET on https://registry.npmjs.org/asteroids
27 verbose stack     at makeError (/Users/jasminenoack/.nvm/versions/node/v4.2.6/lib/node_modules/npm/node_modules/npm-registry-client/lib/request.js:264:12)
27 verbose stack     at CachingRegistryClient.<anonymous> (/Users/jasminenoack/.nvm/versions/node/v4.2.6/lib/node_modules/npm/node_modules/npm-registry-client/lib/request.js:242:14)
27 verbose stack     at Request._callback (/Users/jasminenoack/.nvm/versions/node/v4.2.6/lib/node_modules/npm/node_modules/npm-registry-client/lib/request.js:172:14)
27 verbose stack     at Request.self.callback (/Users/jasminenoack/.nvm/versions/node/v4.2.6/lib/node_modules/npm/node_modules/request/request.js:198:22)
27 verbose stack     at emitTwo (events.js:87:13)
27 verbose stack     at Request.emit (events.js:172:7)
27 verbose stack     at Request.<anonymous> (/Users/jasminenoack/.nvm/versions/node/v4.2.6/lib/node_modules/npm/node_modules/request/request.js:1082:10)
27 verbose stack     at emitOne (events.js:82:20)
27 verbose stack     at Request.emit (events.js:169:7)
27 verbose stack     at IncomingMessage.<anonymous> (/Users/jasminenoack/.nvm/versions/node/v4.2.6/lib/node_modules/npm/node_modules/request/request.js:1009:12)
28 verbose statusCode 404
29 verbose pkgid asteroids
30 verbose cwd /Users/jasminenoack/exercism/javascript/hamming
31 error Darwin 15.3.0
32 error argv "/Users/jasminenoack/.nvm/versions/node/v4.2.6/bin/node" "/Users/jasminenoack/.nvm/versions/node/v4.2.6/bin/npm" "install" "asteroids"
33 error node v4.2.6
34 error npm  v2.14.12
35 error code E404
36 error 404 Registry returned 404 for GET on https://registry.npmjs.org/asteroids
36 error 404
36 error 404 'asteroids' is not in the npm registry.
36 error 404 You should bug the author to publish it (or use the name yourself!)
36 error 404
36 error 404 Note that you can also install from a
36 error 404 tarball, folder, http url, or git url.
37 verbose exit [ 1, true ]
